<?xml version="1.0" encoding="UTF-8"?>
<coverage generated="1746529476460" clover="3.2.0">
  <project timestamp="1746529476460" name="All files">
    <metrics statements="72" coveredstatements="68" conditionals="40" coveredconditionals="36" methods="16" coveredmethods="16" elements="128" coveredelements="120" complexity="0" loc="72" ncloc="72" packages="2" files="7" classes="7"/>
    <package name="src">
      <metrics statements="32" coveredstatements="30" conditionals="17" coveredconditionals="16" methods="4" coveredmethods="4"/>
      <file name="getDiff.js" path="/root/frontend-project-46/src/getDiff.js">
        <metrics statements="15" coveredstatements="15" conditionals="10" coveredconditionals="10" methods="2" coveredmethods="2"/>
        <line num="3" count="1" type="stmt"/>
        <line num="4" count="21" type="stmt"/>
        <line num="5" count="21" type="stmt"/>
        <line num="6" count="21" type="stmt"/>
        <line num="8" count="21" type="stmt"/>
        <line num="9" count="77" type="cond" truecount="4" falsecount="0"/>
        <line num="10" count="16" type="stmt"/>
        <line num="12" count="61" type="cond" truecount="2" falsecount="0"/>
        <line num="13" count="8" type="stmt"/>
        <line num="15" count="53" type="cond" truecount="2" falsecount="0"/>
        <line num="16" count="20" type="stmt"/>
        <line num="18" count="33" type="cond" truecount="2" falsecount="0"/>
        <line num="19" count="14" type="stmt"/>
        <line num="21" count="19" type="stmt"/>
        <line num="25" count="21" type="stmt"/>
      </file>
      <file name="index.js" path="/root/frontend-project-46/src/index.js">
        <metrics statements="10" coveredstatements="10" conditionals="1" coveredconditionals="1" methods="1" coveredmethods="1"/>
        <line num="8" count="5" type="stmt"/>
        <line num="9" count="5" type="stmt"/>
        <line num="11" count="5" type="stmt"/>
        <line num="12" count="5" type="stmt"/>
        <line num="14" count="5" type="stmt"/>
        <line num="15" count="5" type="stmt"/>
        <line num="17" count="5" type="stmt"/>
        <line num="18" count="5" type="stmt"/>
        <line num="20" count="5" type="stmt"/>
        <line num="21" count="5" type="stmt"/>
      </file>
      <file name="parsers.js" path="/root/frontend-project-46/src/parsers.js">
        <metrics statements="7" coveredstatements="5" conditionals="6" coveredconditionals="5" methods="1" coveredmethods="1"/>
        <line num="3" count="1" type="stmt"/>
        <line num="4" count="10" type="cond" truecount="2" falsecount="0"/>
        <line num="5" count="8" type="stmt"/>
        <line num="7" count="2" type="cond" truecount="3" falsecount="1"/>
        <line num="8" count="2" type="stmt"/>
        <line num="10" count="0" type="stmt"/>
        <line num="11" count="0" type="stmt"/>
      </file>
    </package>
    <package name="src.formatters">
      <metrics statements="40" coveredstatements="38" conditionals="23" coveredconditionals="20" methods="12" coveredmethods="12"/>
      <file name="index.js" path="/root/frontend-project-46/src/formatters/index.js">
        <metrics statements="2" coveredstatements="2" conditionals="0" coveredconditionals="0" methods="1" coveredmethods="1"/>
        <line num="5" count="1" type="stmt"/>
        <line num="11" count="5" type="stmt"/>
      </file>
      <file name="json.js" path="/root/frontend-project-46/src/formatters/json.js">
        <metrics statements="1" coveredstatements="1" conditionals="0" coveredconditionals="0" methods="1" coveredmethods="1"/>
        <line num="1" count="1" type="stmt"/>
      </file>
      <file name="plain.js" path="/root/frontend-project-46/src/formatters/plain.js">
        <metrics statements="19" coveredstatements="18" conditionals="14" coveredconditionals="12" methods="5" coveredmethods="5"/>
        <line num="3" count="18" type="cond" truecount="2" falsecount="1"/>
        <line num="5" count="1" type="stmt"/>
        <line num="6" count="13" type="cond" truecount="2" falsecount="0"/>
        <line num="7" count="3" type="stmt"/>
        <line num="9" count="10" type="cond" truecount="2" falsecount="0"/>
        <line num="10" count="7" type="stmt"/>
        <line num="12" count="3" type="stmt"/>
        <line num="15" count="1" type="cond" truecount="1" falsecount="0"/>
        <line num="16" count="5" type="stmt"/>
        <line num="17" count="18" type="stmt"/>
        <line num="19" count="18" type="cond" truecount="5" falsecount="1"/>
        <line num="21" count="4" type="stmt"/>
        <line num="23" count="3" type="stmt"/>
        <line num="25" count="2" type="stmt"/>
        <line num="27" count="5" type="stmt"/>
        <line num="29" count="4" type="stmt"/>
        <line num="31" count="0" type="stmt"/>
        <line num="34" count="5" type="stmt"/>
        <line num="37" count="1" type="stmt"/>
      </file>
      <file name="stylish.js" path="/root/frontend-project-46/src/formatters/stylish.js">
        <metrics statements="18" coveredstatements="17" conditionals="9" coveredconditionals="8" methods="5" coveredmethods="5"/>
        <line num="3" count="1" type="stmt"/>
        <line num="4" count="62" type="cond" truecount="2" falsecount="0"/>
        <line num="5" count="48" type="stmt"/>
        <line num="7" count="14" type="stmt"/>
        <line num="8" count="18" type="stmt"/>
        <line num="9" count="14" type="stmt"/>
        <line num="12" count="1" type="cond" truecount="1" falsecount="0"/>
        <line num="13" count="11" type="stmt"/>
        <line num="14" count="11" type="stmt"/>
        <line num="15" count="41" type="cond" truecount="5" falsecount="1"/>
        <line num="17" count="8" type="stmt"/>
        <line num="19" count="8" type="stmt"/>
        <line num="21" count="4" type="stmt"/>
        <line num="23" count="10" type="stmt"/>
        <line num="25" count="11" type="stmt"/>
        <line num="27" count="0" type="stmt"/>
        <line num="30" count="11" type="stmt"/>
        <line num="33" count="3" type="stmt"/>
      </file>
    </package>
  </project>
</coverage>
