{"/root/frontend-project-46/src/getDiff.js": {"path":"/root/frontend-project-46/src/getDiff.js","all":false,"statementMap":{"0":{"start":{"line":1,"column":0},"end":{"line":1,"column":23}},"1":{"start":{"line":2,"column":0},"end":{"line":2,"column":0}},"2":{"start":{"line":3,"column":0},"end":{"line":3,"column":32}},"3":{"start":{"line":4,"column":0},"end":{"line":4,"column":35}},"4":{"start":{"line":5,"column":0},"end":{"line":5,"column":35}},"5":{"start":{"line":6,"column":0},"end":{"line":6,"column":50}},"6":{"start":{"line":7,"column":0},"end":{"line":7,"column":0}},"7":{"start":{"line":8,"column":0},"end":{"line":8,"column":39}},"8":{"start":{"line":9,"column":0},"end":{"line":9,"column":59}},"9":{"start":{"line":10,"column":0},"end":{"line":10,"column":77}},"10":{"start":{"line":11,"column":0},"end":{"line":11,"column":5}},"11":{"start":{"line":12,"column":0},"end":{"line":12,"column":37}},"12":{"start":{"line":13,"column":0},"end":{"line":13,"column":57}},"13":{"start":{"line":14,"column":0},"end":{"line":14,"column":5}},"14":{"start":{"line":15,"column":0},"end":{"line":15,"column":37}},"15":{"start":{"line":16,"column":0},"end":{"line":16,"column":55}},"16":{"start":{"line":17,"column":0},"end":{"line":17,"column":5}},"17":{"start":{"line":18,"column":0},"end":{"line":18,"column":36}},"18":{"start":{"line":19,"column":0},"end":{"line":19,"column":59}},"19":{"start":{"line":20,"column":0},"end":{"line":20,"column":5}},"20":{"start":{"line":21,"column":0},"end":{"line":21,"column":12}},"21":{"start":{"line":22,"column":0},"end":{"line":22,"column":71}},"22":{"start":{"line":23,"column":0},"end":{"line":23,"column":6}},"23":{"start":{"line":24,"column":0},"end":{"line":24,"column":5}},"24":{"start":{"line":25,"column":0},"end":{"line":25,"column":16}},"25":{"start":{"line":26,"column":0},"end":{"line":26,"column":2}},"26":{"start":{"line":27,"column":0},"end":{"line":27,"column":0}},"27":{"start":{"line":28,"column":0},"end":{"line":28,"column":20}}},"s":{"0":1,"1":1,"2":1,"3":21,"4":21,"5":21,"6":21,"7":21,"8":77,"9":16,"10":16,"11":77,"12":8,"13":8,"14":77,"15":20,"16":20,"17":77,"18":14,"19":14,"20":19,"21":19,"22":19,"23":21,"24":21,"25":21,"26":1,"27":1},"branchMap":{"0":{"type":"branch","line":3,"loc":{"start":{"line":3,"column":13},"end":{"line":26,"column":2}},"locations":[{"start":{"line":3,"column":13},"end":{"line":26,"column":2}}]},"1":{"type":"branch","line":8,"loc":{"start":{"line":8,"column":30},"end":{"line":24,"column":3}},"locations":[{"start":{"line":8,"column":30},"end":{"line":24,"column":3}}]},"2":{"type":"branch","line":9,"loc":{"start":{"line":9,"column":30},"end":{"line":9,"column":56}},"locations":[{"start":{"line":9,"column":30},"end":{"line":9,"column":56}}]},"3":{"type":"branch","line":9,"loc":{"start":{"line":9,"column":58},"end":{"line":11,"column":5}},"locations":[{"start":{"line":9,"column":58},"end":{"line":11,"column":5}}]},"4":{"type":"branch","line":11,"loc":{"start":{"line":11,"column":4},"end":{"line":12,"column":36}},"locations":[{"start":{"line":11,"column":4},"end":{"line":12,"column":36}}]},"5":{"type":"branch","line":12,"loc":{"start":{"line":12,"column":36},"end":{"line":14,"column":5}},"locations":[{"start":{"line":12,"column":36},"end":{"line":14,"column":5}}]},"6":{"type":"branch","line":14,"loc":{"start":{"line":14,"column":4},"end":{"line":15,"column":36}},"locations":[{"start":{"line":14,"column":4},"end":{"line":15,"column":36}}]},"7":{"type":"branch","line":15,"loc":{"start":{"line":15,"column":36},"end":{"line":17,"column":5}},"locations":[{"start":{"line":15,"column":36},"end":{"line":17,"column":5}}]},"8":{"type":"branch","line":17,"loc":{"start":{"line":17,"column":4},"end":{"line":18,"column":35}},"locations":[{"start":{"line":17,"column":4},"end":{"line":18,"column":35}}]},"9":{"type":"branch","line":18,"loc":{"start":{"line":18,"column":35},"end":{"line":20,"column":5}},"locations":[{"start":{"line":18,"column":35},"end":{"line":20,"column":5}}]},"10":{"type":"branch","line":20,"loc":{"start":{"line":20,"column":4},"end":{"line":24,"column":3}},"locations":[{"start":{"line":20,"column":4},"end":{"line":24,"column":3}}]}},"b":{"0":[21],"1":[77],"2":[24],"3":[16],"4":[61],"5":[8],"6":[53],"7":[20],"8":[33],"9":[14],"10":[19]},"fnMap":{"0":{"name":"iter","decl":{"start":{"line":3,"column":13},"end":{"line":26,"column":2}},"loc":{"start":{"line":3,"column":13},"end":{"line":26,"column":2}},"line":3}},"f":{"0":21}}
,"/root/frontend-project-46/src/index.js": {"path":"/root/frontend-project-46/src/index.js","all":false,"statementMap":{"0":{"start":{"line":1,"column":0},"end":{"line":1,"column":25}},"1":{"start":{"line":2,"column":0},"end":{"line":2,"column":24}},"2":{"start":{"line":3,"column":0},"end":{"line":3,"column":33}},"3":{"start":{"line":4,"column":0},"end":{"line":4,"column":46}},"4":{"start":{"line":5,"column":0},"end":{"line":5,"column":32}},"5":{"start":{"line":6,"column":0},"end":{"line":6,"column":0}},"6":{"start":{"line":7,"column":0},"end":{"line":7,"column":60}},"7":{"start":{"line":8,"column":0},"end":{"line":8,"column":80}},"8":{"start":{"line":9,"column":0},"end":{"line":9,"column":80}},"9":{"start":{"line":10,"column":0},"end":{"line":10,"column":0}},"10":{"start":{"line":11,"column":0},"end":{"line":11,"column":48}},"11":{"start":{"line":12,"column":0},"end":{"line":12,"column":48}},"12":{"start":{"line":13,"column":0},"end":{"line":13,"column":0}},"13":{"start":{"line":14,"column":0},"end":{"line":14,"column":50}},"14":{"start":{"line":15,"column":0},"end":{"line":15,"column":50}},"15":{"start":{"line":16,"column":0},"end":{"line":16,"column":0}},"16":{"start":{"line":17,"column":0},"end":{"line":17,"column":44}},"17":{"start":{"line":18,"column":0},"end":{"line":18,"column":44}},"18":{"start":{"line":19,"column":0},"end":{"line":19,"column":0}},"19":{"start":{"line":20,"column":0},"end":{"line":20,"column":38}},"20":{"start":{"line":21,"column":0},"end":{"line":21,"column":33}},"21":{"start":{"line":22,"column":0},"end":{"line":22,"column":1}},"22":{"start":{"line":23,"column":0},"end":{"line":23,"column":0}},"23":{"start":{"line":24,"column":0},"end":{"line":24,"column":23}}},"s":{"0":1,"1":1,"2":1,"3":1,"4":1,"5":1,"6":5,"7":5,"8":5,"9":5,"10":5,"11":5,"12":5,"13":5,"14":5,"15":5,"16":5,"17":5,"18":5,"19":5,"20":5,"21":5,"22":1,"23":1},"branchMap":{"0":{"type":"branch","line":7,"loc":{"start":{"line":7,"column":0},"end":{"line":22,"column":1}},"locations":[{"start":{"line":7,"column":0},"end":{"line":22,"column":1}}]}},"b":{"0":[5]},"fnMap":{"0":{"name":"getDiff","decl":{"start":{"line":7,"column":0},"end":{"line":22,"column":1}},"loc":{"start":{"line":7,"column":0},"end":{"line":22,"column":1}},"line":7}},"f":{"0":5}}
,"/root/frontend-project-46/src/parsers.js": {"path":"/root/frontend-project-46/src/parsers.js","all":false,"statementMap":{"0":{"start":{"line":1,"column":0},"end":{"line":1,"column":27}},"1":{"start":{"line":2,"column":0},"end":{"line":2,"column":0}},"2":{"start":{"line":3,"column":0},"end":{"line":3,"column":43}},"3":{"start":{"line":4,"column":0},"end":{"line":4,"column":29}},"4":{"start":{"line":5,"column":0},"end":{"line":5,"column":35}},"5":{"start":{"line":6,"column":0},"end":{"line":6,"column":3}},"6":{"start":{"line":7,"column":0},"end":{"line":7,"column":52}},"7":{"start":{"line":8,"column":0},"end":{"line":8,"column":34}},"8":{"start":{"line":9,"column":0},"end":{"line":9,"column":3}},"9":{"start":{"line":10,"column":0},"end":{"line":10,"column":39}},"10":{"start":{"line":11,"column":0},"end":{"line":11,"column":21}},"11":{"start":{"line":12,"column":0},"end":{"line":12,"column":2}},"12":{"start":{"line":13,"column":0},"end":{"line":13,"column":0}},"13":{"start":{"line":14,"column":0},"end":{"line":14,"column":21}}},"s":{"0":1,"1":1,"2":1,"3":10,"4":8,"5":8,"6":10,"7":2,"8":2,"9":0,"10":0,"11":0,"12":1,"13":1},"branchMap":{"0":{"type":"branch","line":3,"loc":{"start":{"line":3,"column":14},"end":{"line":12,"column":2}},"locations":[{"start":{"line":3,"column":14},"end":{"line":12,"column":2}}]},"1":{"type":"branch","line":4,"loc":{"start":{"line":4,"column":28},"end":{"line":6,"column":3}},"locations":[{"start":{"line":4,"column":28},"end":{"line":6,"column":3}}]},"2":{"type":"branch","line":6,"loc":{"start":{"line":6,"column":2},"end":{"line":7,"column":49}},"locations":[{"start":{"line":6,"column":2},"end":{"line":7,"column":49}}]},"3":{"type":"branch","line":7,"loc":{"start":{"line":7,"column":51},"end":{"line":9,"column":3}},"locations":[{"start":{"line":7,"column":51},"end":{"line":9,"column":3}}]},"4":{"type":"branch","line":9,"loc":{"start":{"line":9,"column":2},"end":{"line":12,"column":2}},"locations":[{"start":{"line":9,"column":2},"end":{"line":12,"column":2}}]}},"b":{"0":[10],"1":[8],"2":[2],"3":[2],"4":[0]},"fnMap":{"0":{"name":"parse","decl":{"start":{"line":3,"column":14},"end":{"line":12,"column":2}},"loc":{"start":{"line":3,"column":14},"end":{"line":12,"column":2}},"line":3}},"f":{"0":10}}
,"/root/frontend-project-46/src/formatters/index.js": {"path":"/root/frontend-project-46/src/formatters/index.js","all":false,"statementMap":{"0":{"start":{"line":1,"column":0},"end":{"line":1,"column":41}},"1":{"start":{"line":2,"column":0},"end":{"line":2,"column":37}},"2":{"start":{"line":3,"column":0},"end":{"line":3,"column":35}},"3":{"start":{"line":4,"column":0},"end":{"line":4,"column":0}},"4":{"start":{"line":5,"column":0},"end":{"line":5,"column":20}},"5":{"start":{"line":6,"column":0},"end":{"line":6,"column":25}},"6":{"start":{"line":7,"column":0},"end":{"line":7,"column":21}},"7":{"start":{"line":8,"column":0},"end":{"line":8,"column":19}},"8":{"start":{"line":9,"column":0},"end":{"line":9,"column":2}},"9":{"start":{"line":10,"column":0},"end":{"line":10,"column":0}},"10":{"start":{"line":11,"column":0},"end":{"line":11,"column":49}},"11":{"start":{"line":12,"column":0},"end":{"line":12,"column":0}},"12":{"start":{"line":13,"column":0},"end":{"line":13,"column":25}}},"s":{"0":1,"1":1,"2":1,"3":1,"4":1,"5":1,"6":1,"7":1,"8":1,"9":1,"10":1,"11":1,"12":1},"branchMap":{"0":{"type":"branch","line":11,"loc":{"start":{"line":11,"column":19},"end":{"line":11,"column":48}},"locations":[{"start":{"line":11,"column":19},"end":{"line":11,"column":48}}]}},"b":{"0":[5]},"fnMap":{"0":{"name":"formatter","decl":{"start":{"line":11,"column":19},"end":{"line":11,"column":48}},"loc":{"start":{"line":11,"column":19},"end":{"line":11,"column":48}},"line":11}},"f":{"0":5}}
,"/root/frontend-project-46/src/formatters/json.js": {"path":"/root/frontend-project-46/src/formatters/json.js","all":false,"statementMap":{"0":{"start":{"line":1,"column":0},"end":{"line":1,"column":59}},"1":{"start":{"line":2,"column":0},"end":{"line":2,"column":0}},"2":{"start":{"line":3,"column":0},"end":{"line":3,"column":26}}},"s":{"0":1,"1":1,"2":1},"branchMap":{"0":{"type":"branch","line":1,"loc":{"start":{"line":1,"column":20},"end":{"line":1,"column":58}},"locations":[{"start":{"line":1,"column":20},"end":{"line":1,"column":58}}]}},"b":{"0":[1]},"fnMap":{"0":{"name":"formatJson","decl":{"start":{"line":1,"column":20},"end":{"line":1,"column":58}},"loc":{"start":{"line":1,"column":20},"end":{"line":1,"column":58}},"line":1}},"f":{"0":1}}
,"/root/frontend-project-46/src/formatters/plain.js": {"path":"/root/frontend-project-46/src/formatters/plain.js","all":false,"statementMap":{"0":{"start":{"line":1,"column":0},"end":{"line":1,"column":23}},"1":{"start":{"line":2,"column":0},"end":{"line":2,"column":0}},"2":{"start":{"line":3,"column":0},"end":{"line":3,"column":93}},"3":{"start":{"line":4,"column":0},"end":{"line":4,"column":0}},"4":{"start":{"line":5,"column":0},"end":{"line":5,"column":32}},"5":{"start":{"line":6,"column":0},"end":{"line":6,"column":26}},"6":{"start":{"line":7,"column":0},"end":{"line":7,"column":29}},"7":{"start":{"line":8,"column":0},"end":{"line":8,"column":3}},"8":{"start":{"line":9,"column":0},"end":{"line":9,"column":26}},"9":{"start":{"line":10,"column":0},"end":{"line":10,"column":24}},"10":{"start":{"line":11,"column":0},"end":{"line":11,"column":3}},"11":{"start":{"line":12,"column":0},"end":{"line":12,"column":15}},"12":{"start":{"line":13,"column":0},"end":{"line":13,"column":2}},"13":{"start":{"line":14,"column":0},"end":{"line":14,"column":0}},"14":{"start":{"line":15,"column":0},"end":{"line":15,"column":45}},"15":{"start":{"line":16,"column":0},"end":{"line":16,"column":40}},"16":{"start":{"line":17,"column":0},"end":{"line":17,"column":57}},"17":{"start":{"line":18,"column":0},"end":{"line":18,"column":0}},"18":{"start":{"line":19,"column":0},"end":{"line":19,"column":24}},"19":{"start":{"line":20,"column":0},"end":{"line":20,"column":20}},"20":{"start":{"line":21,"column":0},"end":{"line":21,"column":50}},"21":{"start":{"line":22,"column":0},"end":{"line":22,"column":23}},"22":{"start":{"line":23,"column":0},"end":{"line":23,"column":18}},"23":{"start":{"line":24,"column":0},"end":{"line":24,"column":21}},"24":{"start":{"line":25,"column":0},"end":{"line":25,"column":55}},"25":{"start":{"line":26,"column":0},"end":{"line":26,"column":19}},"26":{"start":{"line":27,"column":0},"end":{"line":27,"column":92}},"27":{"start":{"line":28,"column":0},"end":{"line":28,"column":21}},"28":{"start":{"line":29,"column":0},"end":{"line":29,"column":124}},"29":{"start":{"line":30,"column":0},"end":{"line":30,"column":14}},"30":{"start":{"line":31,"column":0},"end":{"line":31,"column":44}},"31":{"start":{"line":32,"column":0},"end":{"line":32,"column":5}},"32":{"start":{"line":33,"column":0},"end":{"line":33,"column":5}},"33":{"start":{"line":34,"column":0},"end":{"line":34,"column":26}},"34":{"start":{"line":35,"column":0},"end":{"line":35,"column":2}},"35":{"start":{"line":36,"column":0},"end":{"line":36,"column":0}},"36":{"start":{"line":37,"column":0},"end":{"line":37,"column":38}}},"s":{"0":1,"1":1,"2":1,"3":1,"4":1,"5":13,"6":3,"7":3,"8":13,"9":7,"10":7,"11":3,"12":3,"13":1,"14":1,"15":5,"16":18,"17":18,"18":18,"19":18,"20":4,"21":18,"22":3,"23":18,"24":2,"25":18,"26":5,"27":18,"28":4,"29":18,"30":0,"31":18,"32":5,"33":5,"34":5,"35":1,"36":1},"branchMap":{"0":{"type":"branch","line":3,"loc":{"start":{"line":3,"column":17},"end":{"line":3,"column":92}},"locations":[{"start":{"line":3,"column":17},"end":{"line":3,"column":92}}]},"1":{"type":"branch","line":3,"loc":{"start":{"line":3,"column":58},"end":{"line":3,"column":85}},"locations":[{"start":{"line":3,"column":58},"end":{"line":3,"column":85}}]},"2":{"type":"branch","line":3,"loc":{"start":{"line":3,"column":85},"end":{"line":3,"column":92}},"locations":[{"start":{"line":3,"column":85},"end":{"line":3,"column":92}}]},"3":{"type":"branch","line":5,"loc":{"start":{"line":5,"column":21},"end":{"line":13,"column":2}},"locations":[{"start":{"line":5,"column":21},"end":{"line":13,"column":2}}]},"4":{"type":"branch","line":6,"loc":{"start":{"line":6,"column":25},"end":{"line":8,"column":3}},"locations":[{"start":{"line":6,"column":25},"end":{"line":8,"column":3}}]},"5":{"type":"branch","line":8,"loc":{"start":{"line":8,"column":2},"end":{"line":9,"column":25}},"locations":[{"start":{"line":8,"column":2},"end":{"line":9,"column":25}}]},"6":{"type":"branch","line":9,"loc":{"start":{"line":9,"column":25},"end":{"line":11,"column":3}},"locations":[{"start":{"line":9,"column":25},"end":{"line":11,"column":3}}]},"7":{"type":"branch","line":11,"loc":{"start":{"line":11,"column":2},"end":{"line":13,"column":2}},"locations":[{"start":{"line":11,"column":2},"end":{"line":13,"column":2}}]},"8":{"type":"branch","line":15,"loc":{"start":{"line":15,"column":15},"end":{"line":35,"column":2}},"locations":[{"start":{"line":15,"column":15},"end":{"line":35,"column":2}}]},"9":{"type":"branch","line":16,"loc":{"start":{"line":16,"column":30},"end":{"line":33,"column":3}},"locations":[{"start":{"line":16,"column":30},"end":{"line":33,"column":3}}]},"10":{"type":"branch","line":20,"loc":{"start":{"line":20,"column":6},"end":{"line":21,"column":50}},"locations":[{"start":{"line":20,"column":6},"end":{"line":21,"column":50}}]},"11":{"type":"branch","line":22,"loc":{"start":{"line":22,"column":6},"end":{"line":23,"column":18}},"locations":[{"start":{"line":22,"column":6},"end":{"line":23,"column":18}}]},"12":{"type":"branch","line":24,"loc":{"start":{"line":24,"column":6},"end":{"line":25,"column":55}},"locations":[{"start":{"line":24,"column":6},"end":{"line":25,"column":55}}]},"13":{"type":"branch","line":26,"loc":{"start":{"line":26,"column":6},"end":{"line":27,"column":92}},"locations":[{"start":{"line":26,"column":6},"end":{"line":27,"column":92}}]},"14":{"type":"branch","line":28,"loc":{"start":{"line":28,"column":6},"end":{"line":29,"column":124}},"locations":[{"start":{"line":28,"column":6},"end":{"line":29,"column":124}}]},"15":{"type":"branch","line":30,"loc":{"start":{"line":30,"column":6},"end":{"line":31,"column":44}},"locations":[{"start":{"line":30,"column":6},"end":{"line":31,"column":44}}]},"16":{"type":"branch","line":37,"loc":{"start":{"line":37,"column":16},"end":{"line":37,"column":37}},"locations":[{"start":{"line":37,"column":16},"end":{"line":37,"column":37}}]}},"b":{"0":[18],"1":[14],"2":[4],"3":[13],"4":[3],"5":[10],"6":[7],"7":[3],"8":[5],"9":[18],"10":[4],"11":[3],"12":[2],"13":[5],"14":[4],"15":[0],"16":[1]},"fnMap":{"0":{"name":"getPaths","decl":{"start":{"line":3,"column":17},"end":{"line":3,"column":92}},"loc":{"start":{"line":3,"column":17},"end":{"line":3,"column":92}},"line":3},"1":{"name":"valueUpdate","decl":{"start":{"line":5,"column":21},"end":{"line":13,"column":2}},"loc":{"start":{"line":5,"column":21},"end":{"line":13,"column":2}},"line":5},"2":{"name":"format","decl":{"start":{"line":15,"column":15},"end":{"line":35,"column":2}},"loc":{"start":{"line":15,"column":15},"end":{"line":35,"column":2}},"line":15},"3":{"name":"default","decl":{"start":{"line":37,"column":16},"end":{"line":37,"column":37}},"loc":{"start":{"line":37,"column":16},"end":{"line":37,"column":37}},"line":37}},"f":{"0":18,"1":13,"2":5,"3":1}}
,"/root/frontend-project-46/src/formatters/stylish.js": {"path":"/root/frontend-project-46/src/formatters/stylish.js","all":false,"statementMap":{"0":{"start":{"line":1,"column":0},"end":{"line":1,"column":23}},"1":{"start":{"line":2,"column":0},"end":{"line":2,"column":0}},"2":{"start":{"line":3,"column":0},"end":{"line":3,"column":39}},"3":{"start":{"line":4,"column":0},"end":{"line":4,"column":27}},"4":{"start":{"line":5,"column":0},"end":{"line":5,"column":17}},"5":{"start":{"line":6,"column":0},"end":{"line":6,"column":3}},"6":{"start":{"line":7,"column":0},"end":{"line":7,"column":39}},"7":{"start":{"line":8,"column":0},"end":{"line":8,"column":115}},"8":{"start":{"line":9,"column":0},"end":{"line":9,"column":48}},"9":{"start":{"line":10,"column":0},"end":{"line":10,"column":2}},"10":{"start":{"line":11,"column":0},"end":{"line":11,"column":0}},"11":{"start":{"line":12,"column":0},"end":{"line":12,"column":37}},"12":{"start":{"line":13,"column":0},"end":{"line":13,"column":43}},"13":{"start":{"line":14,"column":0},"end":{"line":14,"column":40}},"14":{"start":{"line":15,"column":0},"end":{"line":15,"column":24}},"15":{"start":{"line":16,"column":0},"end":{"line":16,"column":20}},"16":{"start":{"line":17,"column":0},"end":{"line":17,"column":94}},"17":{"start":{"line":18,"column":0},"end":{"line":18,"column":23}},"18":{"start":{"line":19,"column":0},"end":{"line":19,"column":75}},"19":{"start":{"line":20,"column":0},"end":{"line":20,"column":21}},"20":{"start":{"line":21,"column":0},"end":{"line":21,"column":75}},"21":{"start":{"line":22,"column":0},"end":{"line":22,"column":19}},"22":{"start":{"line":23,"column":0},"end":{"line":23,"column":75}},"23":{"start":{"line":24,"column":0},"end":{"line":24,"column":21}},"24":{"start":{"line":25,"column":0},"end":{"line":25,"column":140}},"25":{"start":{"line":26,"column":0},"end":{"line":26,"column":14}},"26":{"start":{"line":27,"column":0},"end":{"line":27,"column":44}},"27":{"start":{"line":28,"column":0},"end":{"line":28,"column":5}},"28":{"start":{"line":29,"column":0},"end":{"line":29,"column":5}},"29":{"start":{"line":30,"column":0},"end":{"line":30,"column":26}},"30":{"start":{"line":31,"column":0},"end":{"line":31,"column":2}},"31":{"start":{"line":32,"column":0},"end":{"line":32,"column":0}},"32":{"start":{"line":33,"column":0},"end":{"line":33,"column":49}}},"s":{"0":1,"1":1,"2":1,"3":62,"4":48,"5":48,"6":14,"7":14,"8":14,"9":14,"10":1,"11":1,"12":11,"13":11,"14":41,"15":41,"16":8,"17":41,"18":8,"19":41,"20":4,"21":41,"22":10,"23":41,"24":11,"25":41,"26":0,"27":41,"28":11,"29":11,"30":11,"31":1,"32":1},"branchMap":{"0":{"type":"branch","line":3,"loc":{"start":{"line":3,"column":20},"end":{"line":10,"column":2}},"locations":[{"start":{"line":3,"column":20},"end":{"line":10,"column":2}}]},"1":{"type":"branch","line":4,"loc":{"start":{"line":4,"column":26},"end":{"line":6,"column":3}},"locations":[{"start":{"line":4,"column":26},"end":{"line":6,"column":3}}]},"2":{"type":"branch","line":6,"loc":{"start":{"line":6,"column":2},"end":{"line":10,"column":2}},"locations":[{"start":{"line":6,"column":2},"end":{"line":10,"column":2}}]},"3":{"type":"branch","line":8,"loc":{"start":{"line":8,"column":44},"end":{"line":8,"column":113}},"locations":[{"start":{"line":8,"column":44},"end":{"line":8,"column":113}}]},"4":{"type":"branch","line":12,"loc":{"start":{"line":12,"column":15},"end":{"line":31,"column":2}},"locations":[{"start":{"line":12,"column":15},"end":{"line":31,"column":2}}]},"5":{"type":"branch","line":14,"loc":{"start":{"line":14,"column":30},"end":{"line":29,"column":3}},"locations":[{"start":{"line":14,"column":30},"end":{"line":29,"column":3}}]},"6":{"type":"branch","line":16,"loc":{"start":{"line":16,"column":6},"end":{"line":17,"column":94}},"locations":[{"start":{"line":16,"column":6},"end":{"line":17,"column":94}}]},"7":{"type":"branch","line":18,"loc":{"start":{"line":18,"column":6},"end":{"line":19,"column":75}},"locations":[{"start":{"line":18,"column":6},"end":{"line":19,"column":75}}]},"8":{"type":"branch","line":20,"loc":{"start":{"line":20,"column":6},"end":{"line":21,"column":75}},"locations":[{"start":{"line":20,"column":6},"end":{"line":21,"column":75}}]},"9":{"type":"branch","line":22,"loc":{"start":{"line":22,"column":6},"end":{"line":23,"column":75}},"locations":[{"start":{"line":22,"column":6},"end":{"line":23,"column":75}}]},"10":{"type":"branch","line":24,"loc":{"start":{"line":24,"column":6},"end":{"line":25,"column":140}},"locations":[{"start":{"line":24,"column":6},"end":{"line":25,"column":140}}]},"11":{"type":"branch","line":26,"loc":{"start":{"line":26,"column":6},"end":{"line":27,"column":44}},"locations":[{"start":{"line":26,"column":6},"end":{"line":27,"column":44}}]},"12":{"type":"branch","line":33,"loc":{"start":{"line":33,"column":16},"end":{"line":33,"column":48}},"locations":[{"start":{"line":33,"column":16},"end":{"line":33,"column":48}}]}},"b":{"0":[62],"1":[48],"2":[14],"3":[18],"4":[11],"5":[41],"6":[8],"7":[8],"8":[4],"9":[10],"10":[11],"11":[0],"12":[3]},"fnMap":{"0":{"name":"formatValue","decl":{"start":{"line":3,"column":20},"end":{"line":10,"column":2}},"loc":{"start":{"line":3,"column":20},"end":{"line":10,"column":2}},"line":3},"1":{"name":"format","decl":{"start":{"line":12,"column":15},"end":{"line":31,"column":2}},"loc":{"start":{"line":12,"column":15},"end":{"line":31,"column":2}},"line":12},"2":{"name":"default","decl":{"start":{"line":33,"column":16},"end":{"line":33,"column":48}},"loc":{"start":{"line":33,"column":16},"end":{"line":33,"column":48}},"line":33}},"f":{"0":62,"1":11,"2":3}}
}
