{"/root/frontend-project-46/src/getDiff.js": {"path":"/root/frontend-project-46/src/getDiff.js","statementMap":{"0":{"start":{"line":3,"column":13},"end":{"line":26,"column":1}},"1":{"start":{"line":4,"column":16},"end":{"line":4,"column":34}},"2":{"start":{"line":5,"column":16},"end":{"line":5,"column":34}},"3":{"start":{"line":6,"column":18},"end":{"line":6,"column":49}},"4":{"start":{"line":8,"column":17},"end":{"line":24,"column":4}},"5":{"start":{"line":9,"column":4},"end":{"line":11,"column":5}},"6":{"start":{"line":10,"column":6},"end":{"line":10,"column":77}},"7":{"start":{"line":12,"column":4},"end":{"line":14,"column":5}},"8":{"start":{"line":13,"column":6},"end":{"line":13,"column":57}},"9":{"start":{"line":15,"column":4},"end":{"line":17,"column":5}},"10":{"start":{"line":16,"column":6},"end":{"line":16,"column":55}},"11":{"start":{"line":18,"column":4},"end":{"line":20,"column":5}},"12":{"start":{"line":19,"column":6},"end":{"line":19,"column":59}},"13":{"start":{"line":21,"column":4},"end":{"line":23,"column":6}},"14":{"start":{"line":25,"column":2},"end":{"line":25,"column":16}}},"fnMap":{"0":{"name":"(anonymous_0)","decl":{"start":{"line":3,"column":13},"end":{"line":3,"column":14}},"loc":{"start":{"line":3,"column":31},"end":{"line":26,"column":1}},"line":3},"1":{"name":"(anonymous_1)","decl":{"start":{"line":8,"column":29},"end":{"line":8,"column":30}},"loc":{"start":{"line":8,"column":38},"end":{"line":24,"column":3}},"line":8}},"branchMap":{"0":{"loc":{"start":{"line":9,"column":4},"end":{"line":11,"column":5}},"type":"if","locations":[{"start":{"line":9,"column":4},"end":{"line":11,"column":5}},{"start":{},"end":{}}],"line":9},"1":{"loc":{"start":{"line":9,"column":8},"end":{"line":9,"column":56}},"type":"binary-expr","locations":[{"start":{"line":9,"column":8},"end":{"line":9,"column":30}},{"start":{"line":9,"column":34},"end":{"line":9,"column":56}}],"line":9},"2":{"loc":{"start":{"line":12,"column":4},"end":{"line":14,"column":5}},"type":"if","locations":[{"start":{"line":12,"column":4},"end":{"line":14,"column":5}},{"start":{},"end":{}}],"line":12},"3":{"loc":{"start":{"line":15,"column":4},"end":{"line":17,"column":5}},"type":"if","locations":[{"start":{"line":15,"column":4},"end":{"line":17,"column":5}},{"start":{},"end":{}}],"line":15},"4":{"loc":{"start":{"line":18,"column":4},"end":{"line":20,"column":5}},"type":"if","locations":[{"start":{"line":18,"column":4},"end":{"line":20,"column":5}},{"start":{},"end":{}}],"line":18}},"s":{"0":1,"1":21,"2":21,"3":21,"4":21,"5":77,"6":16,"7":61,"8":8,"9":53,"10":20,"11":33,"12":14,"13":19,"14":21},"f":{"0":21,"1":77},"b":{"0":[16,61],"1":[77,24],"2":[8,53],"3":[20,33],"4":[14,19]},"_coverageSchema":"1a1c01bbd47fc00a2c39e90264f33305004495a9","hash":"d2ff8b5f90cbb09d4a44a278663cfc4391a1695e"}
,"/root/frontend-project-46/src/index.js": {"path":"/root/frontend-project-46/src/index.js","statementMap":{"0":{"start":{"line":8,"column":20},"end":{"line":8,"column":79}},"1":{"start":{"line":9,"column":20},"end":{"line":9,"column":79}},"2":{"start":{"line":11,"column":15},"end":{"line":11,"column":47}},"3":{"start":{"line":12,"column":15},"end":{"line":12,"column":47}},"4":{"start":{"line":14,"column":23},"end":{"line":14,"column":49}},"5":{"start":{"line":15,"column":23},"end":{"line":15,"column":49}},"6":{"start":{"line":17,"column":18},"end":{"line":17,"column":43}},"7":{"start":{"line":18,"column":18},"end":{"line":18,"column":43}},"8":{"start":{"line":20,"column":15},"end":{"line":20,"column":37}},"9":{"start":{"line":21,"column":2},"end":{"line":21,"column":33}}},"fnMap":{"0":{"name":"getDiff","decl":{"start":{"line":7,"column":9},"end":{"line":7,"column":16}},"loc":{"start":{"line":7,"column":59},"end":{"line":22,"column":1}},"line":7}},"branchMap":{"0":{"loc":{"start":{"line":7,"column":39},"end":{"line":7,"column":57}},"type":"default-arg","locations":[{"start":{"line":7,"column":48},"end":{"line":7,"column":57}}],"line":7}},"s":{"0":5,"1":5,"2":5,"3":5,"4":5,"5":5,"6":5,"7":5,"8":5,"9":5},"f":{"0":5},"b":{"0":[2]},"_coverageSchema":"1a1c01bbd47fc00a2c39e90264f33305004495a9","hash":"8f11280dd45955b5461a67db8f9ec6f005353812"}
,"/root/frontend-project-46/src/parsers.js": {"path":"/root/frontend-project-46/src/parsers.js","statementMap":{"0":{"start":{"line":3,"column":14},"end":{"line":12,"column":1}},"1":{"start":{"line":4,"column":2},"end":{"line":6,"column":3}},"2":{"start":{"line":5,"column":4},"end":{"line":5,"column":35}},"3":{"start":{"line":7,"column":2},"end":{"line":9,"column":3}},"4":{"start":{"line":8,"column":4},"end":{"line":8,"column":34}},"5":{"start":{"line":10,"column":22},"end":{"line":10,"column":38}},"6":{"start":{"line":11,"column":2},"end":{"line":11,"column":21}}},"fnMap":{"0":{"name":"(anonymous_0)","decl":{"start":{"line":3,"column":14},"end":{"line":3,"column":15}},"loc":{"start":{"line":3,"column":42},"end":{"line":12,"column":1}},"line":3}},"branchMap":{"0":{"loc":{"start":{"line":4,"column":2},"end":{"line":6,"column":3}},"type":"if","locations":[{"start":{"line":4,"column":2},"end":{"line":6,"column":3}},{"start":{},"end":{}}],"line":4},"1":{"loc":{"start":{"line":7,"column":2},"end":{"line":9,"column":3}},"type":"if","locations":[{"start":{"line":7,"column":2},"end":{"line":9,"column":3}},{"start":{},"end":{}}],"line":7},"2":{"loc":{"start":{"line":7,"column":6},"end":{"line":7,"column":49}},"type":"binary-expr","locations":[{"start":{"line":7,"column":6},"end":{"line":7,"column":26}},{"start":{"line":7,"column":30},"end":{"line":7,"column":49}}],"line":7}},"s":{"0":1,"1":10,"2":8,"3":2,"4":2,"5":0,"6":0},"f":{"0":10},"b":{"0":[8,2],"1":[2,0],"2":[2,2]},"_coverageSchema":"1a1c01bbd47fc00a2c39e90264f33305004495a9","hash":"69fb6f8c07712bcb2d6081b0e15a4efeb4d1f8ac"}
,"/root/frontend-project-46/src/formatters/index.js": {"path":"/root/frontend-project-46/src/formatters/index.js","statementMap":{"0":{"start":{"line":5,"column":19},"end":{"line":9,"column":1}},"1":{"start":{"line":11,"column":18},"end":{"line":11,"column":48}},"2":{"start":{"line":11,"column":30},"end":{"line":11,"column":48}}},"fnMap":{"0":{"name":"(anonymous_0)","decl":{"start":{"line":11,"column":18},"end":{"line":11,"column":19}},"loc":{"start":{"line":11,"column":30},"end":{"line":11,"column":48}},"line":11}},"branchMap":{},"s":{"0":1,"1":1,"2":5},"f":{"0":5},"b":{},"_coverageSchema":"1a1c01bbd47fc00a2c39e90264f33305004495a9","hash":"31fdf0fd01b8f00b7cc3cd22f37c8cb11259dd8e"}
,"/root/frontend-project-46/src/formatters/json.js": {"path":"/root/frontend-project-46/src/formatters/json.js","statementMap":{"0":{"start":{"line":1,"column":19},"end":{"line":1,"column":58}},"1":{"start":{"line":1,"column":29},"end":{"line":1,"column":58}}},"fnMap":{"0":{"name":"(anonymous_0)","decl":{"start":{"line":1,"column":19},"end":{"line":1,"column":20}},"loc":{"start":{"line":1,"column":29},"end":{"line":1,"column":58}},"line":1}},"branchMap":{},"s":{"0":1,"1":1},"f":{"0":1},"b":{},"_coverageSchema":"1a1c01bbd47fc00a2c39e90264f33305004495a9","hash":"4b2d632b87b6949f203f934f30be0a96f32a3be1"}
,"/root/frontend-project-46/src/formatters/plain.js": {"path":"/root/frontend-project-46/src/formatters/plain.js","statementMap":{"0":{"start":{"line":3,"column":17},"end":{"line":3,"column":92}},"1":{"start":{"line":3,"column":46},"end":{"line":3,"column":91}},"2":{"start":{"line":5,"column":20},"end":{"line":13,"column":1}},"3":{"start":{"line":6,"column":2},"end":{"line":8,"column":3}},"4":{"start":{"line":7,"column":4},"end":{"line":7,"column":29}},"5":{"start":{"line":9,"column":2},"end":{"line":11,"column":3}},"6":{"start":{"line":10,"column":4},"end":{"line":10,"column":24}},"7":{"start":{"line":12,"column":2},"end":{"line":12,"column":15}},"8":{"start":{"line":15,"column":15},"end":{"line":35,"column":1}},"9":{"start":{"line":16,"column":16},"end":{"line":33,"column":4}},"10":{"start":{"line":17,"column":24},"end":{"line":17,"column":56}},"11":{"start":{"line":19,"column":4},"end":{"line":32,"column":5}},"12":{"start":{"line":21,"column":8},"end":{"line":21,"column":50}},"13":{"start":{"line":23,"column":8},"end":{"line":23,"column":18}},"14":{"start":{"line":25,"column":8},"end":{"line":25,"column":55}},"15":{"start":{"line":27,"column":8},"end":{"line":27,"column":92}},"16":{"start":{"line":29,"column":8},"end":{"line":29,"column":124}},"17":{"start":{"line":31,"column":8},"end":{"line":31,"column":44}},"18":{"start":{"line":34,"column":2},"end":{"line":34,"column":26}},"19":{"start":{"line":37,"column":25},"end":{"line":37,"column":37}}},"fnMap":{"0":{"name":"(anonymous_0)","decl":{"start":{"line":3,"column":17},"end":{"line":3,"column":18}},"loc":{"start":{"line":3,"column":46},"end":{"line":3,"column":91}},"line":3},"1":{"name":"(anonymous_1)","decl":{"start":{"line":5,"column":20},"end":{"line":5,"column":21}},"loc":{"start":{"line":5,"column":31},"end":{"line":13,"column":1}},"line":5},"2":{"name":"(anonymous_2)","decl":{"start":{"line":15,"column":15},"end":{"line":15,"column":16}},"loc":{"start":{"line":15,"column":44},"end":{"line":35,"column":1}},"line":15},"3":{"name":"(anonymous_3)","decl":{"start":{"line":16,"column":29},"end":{"line":16,"column":30}},"loc":{"start":{"line":16,"column":39},"end":{"line":33,"column":3}},"line":16},"4":{"name":"(anonymous_4)","decl":{"start":{"line":37,"column":15},"end":{"line":37,"column":16}},"loc":{"start":{"line":37,"column":25},"end":{"line":37,"column":37}},"line":37}},"branchMap":{"0":{"loc":{"start":{"line":3,"column":23},"end":{"line":3,"column":40}},"type":"default-arg","locations":[{"start":{"line":3,"column":38},"end":{"line":3,"column":40}}],"line":3},"1":{"loc":{"start":{"line":3,"column":46},"end":{"line":3,"column":91}},"type":"cond-expr","locations":[{"start":{"line":3,"column":61},"end":{"line":3,"column":85}},{"start":{"line":3,"column":88},"end":{"line":3,"column":91}}],"line":3},"2":{"loc":{"start":{"line":6,"column":2},"end":{"line":8,"column":3}},"type":"if","locations":[{"start":{"line":6,"column":2},"end":{"line":8,"column":3}},{"start":{},"end":{}}],"line":6},"3":{"loc":{"start":{"line":9,"column":2},"end":{"line":11,"column":3}},"type":"if","locations":[{"start":{"line":9,"column":2},"end":{"line":11,"column":3}},{"start":{},"end":{}}],"line":9},"4":{"loc":{"start":{"line":15,"column":22},"end":{"line":15,"column":39}},"type":"default-arg","locations":[{"start":{"line":15,"column":37},"end":{"line":15,"column":39}}],"line":15},"5":{"loc":{"start":{"line":19,"column":4},"end":{"line":32,"column":5}},"type":"switch","locations":[{"start":{"line":20,"column":6},"end":{"line":21,"column":50}},{"start":{"line":22,"column":6},"end":{"line":23,"column":18}},{"start":{"line":24,"column":6},"end":{"line":25,"column":55}},{"start":{"line":26,"column":6},"end":{"line":27,"column":92}},{"start":{"line":28,"column":6},"end":{"line":29,"column":124}},{"start":{"line":30,"column":6},"end":{"line":31,"column":44}}],"line":19}},"s":{"0":1,"1":18,"2":1,"3":13,"4":3,"5":10,"6":7,"7":3,"8":1,"9":5,"10":18,"11":18,"12":4,"13":3,"14":2,"15":5,"16":4,"17":0,"18":5,"19":1},"f":{"0":18,"1":13,"2":5,"3":18,"4":1},"b":{"0":[0],"1":[14,4],"2":[3,10],"3":[7,3],"4":[1],"5":[4,3,2,5,4,0]},"_coverageSchema":"1a1c01bbd47fc00a2c39e90264f33305004495a9","hash":"5907527307795b9bda8ad059a76545c4e386ae92"}
,"/root/frontend-project-46/src/formatters/stylish.js": {"path":"/root/frontend-project-46/src/formatters/stylish.js","statementMap":{"0":{"start":{"line":3,"column":20},"end":{"line":10,"column":1}},"1":{"start":{"line":4,"column":2},"end":{"line":6,"column":3}},"2":{"start":{"line":5,"column":4},"end":{"line":5,"column":17}},"3":{"start":{"line":7,"column":17},"end":{"line":7,"column":38}},"4":{"start":{"line":8,"column":18},"end":{"line":8,"column":114}},"5":{"start":{"line":8,"column":60},"end":{"line":8,"column":113}},"6":{"start":{"line":9,"column":2},"end":{"line":9,"column":48}},"7":{"start":{"line":12,"column":15},"end":{"line":31,"column":1}},"8":{"start":{"line":13,"column":17},"end":{"line":13,"column":42}},"9":{"start":{"line":14,"column":16},"end":{"line":29,"column":4}},"10":{"start":{"line":15,"column":4},"end":{"line":28,"column":5}},"11":{"start":{"line":17,"column":8},"end":{"line":17,"column":94}},"12":{"start":{"line":19,"column":8},"end":{"line":19,"column":75}},"13":{"start":{"line":21,"column":8},"end":{"line":21,"column":75}},"14":{"start":{"line":23,"column":8},"end":{"line":23,"column":75}},"15":{"start":{"line":25,"column":8},"end":{"line":25,"column":140}},"16":{"start":{"line":27,"column":8},"end":{"line":27,"column":44}},"17":{"start":{"line":30,"column":2},"end":{"line":30,"column":26}},"18":{"start":{"line":33,"column":25},"end":{"line":33,"column":48}}},"fnMap":{"0":{"name":"(anonymous_0)","decl":{"start":{"line":3,"column":20},"end":{"line":3,"column":21}},"loc":{"start":{"line":3,"column":38},"end":{"line":10,"column":1}},"line":3},"1":{"name":"(anonymous_1)","decl":{"start":{"line":8,"column":44},"end":{"line":8,"column":45}},"loc":{"start":{"line":8,"column":60},"end":{"line":8,"column":113}},"line":8},"2":{"name":"(anonymous_2)","decl":{"start":{"line":12,"column":15},"end":{"line":12,"column":16}},"loc":{"start":{"line":12,"column":36},"end":{"line":31,"column":1}},"line":12},"3":{"name":"(anonymous_3)","decl":{"start":{"line":14,"column":29},"end":{"line":14,"column":30}},"loc":{"start":{"line":14,"column":39},"end":{"line":29,"column":3}},"line":14},"4":{"name":"(anonymous_4)","decl":{"start":{"line":33,"column":15},"end":{"line":33,"column":16}},"loc":{"start":{"line":33,"column":25},"end":{"line":33,"column":48}},"line":33}},"branchMap":{"0":{"loc":{"start":{"line":4,"column":2},"end":{"line":6,"column":3}},"type":"if","locations":[{"start":{"line":4,"column":2},"end":{"line":6,"column":3}},{"start":{},"end":{}}],"line":4},"1":{"loc":{"start":{"line":12,"column":22},"end":{"line":12,"column":31}},"type":"default-arg","locations":[{"start":{"line":12,"column":30},"end":{"line":12,"column":31}}],"line":12},"2":{"loc":{"start":{"line":15,"column":4},"end":{"line":28,"column":5}},"type":"switch","locations":[{"start":{"line":16,"column":6},"end":{"line":17,"column":94}},{"start":{"line":18,"column":6},"end":{"line":19,"column":75}},{"start":{"line":20,"column":6},"end":{"line":21,"column":75}},{"start":{"line":22,"column":6},"end":{"line":23,"column":75}},{"start":{"line":24,"column":6},"end":{"line":25,"column":140}},{"start":{"line":26,"column":6},"end":{"line":27,"column":44}}],"line":15}},"s":{"0":1,"1":62,"2":48,"3":14,"4":14,"5":18,"6":14,"7":1,"8":11,"9":11,"10":41,"11":8,"12":8,"13":4,"14":10,"15":11,"16":0,"17":11,"18":3},"f":{"0":62,"1":18,"2":11,"3":41,"4":3},"b":{"0":[48,14],"1":[3],"2":[8,8,4,10,11,0]},"_coverageSchema":"1a1c01bbd47fc00a2c39e90264f33305004495a9","hash":"5e85294f46c178a117a7c78f2942a4c6145f66a6"}
}
