TN:
SF:src/getDiff.js
FN:3,(anonymous_0)
FN:8,(anonymous_1)
FNF:2
FNH:2
FNDA:21,(anonymous_0)
FNDA:77,(anonymous_1)
DA:3,1
DA:4,21
DA:5,21
DA:6,21
DA:8,21
DA:9,77
DA:10,16
DA:12,61
DA:13,8
DA:15,53
DA:16,20
DA:18,33
DA:19,14
DA:21,19
DA:25,21
LF:15
LH:15
BRDA:9,0,0,16
BRDA:9,0,1,61
BRDA:9,1,0,77
BRDA:9,1,1,24
BRDA:12,2,0,8
BRDA:12,2,1,53
BRDA:15,3,0,20
BRDA:15,3,1,33
BRDA:18,4,0,14
BRDA:18,4,1,19
BRF:10
BRH:10
end_of_record
TN:
SF:src/index.js
FN:7,getDiff
FNF:1
FNH:1
FNDA:5,getDiff
DA:8,5
DA:9,5
DA:11,5
DA:12,5
DA:14,5
DA:15,5
DA:17,5
DA:18,5
DA:20,5
DA:21,5
LF:10
LH:10
BRDA:7,0,0,2
BRF:1
BRH:1
end_of_record
TN:
SF:src/parsers.js
FN:3,(anonymous_0)
FNF:1
FNH:1
FNDA:10,(anonymous_0)
DA:3,1
DA:4,10
DA:5,8
DA:7,2
DA:8,2
DA:10,0
DA:11,0
LF:7
LH:5
BRDA:4,0,0,8
BRDA:4,0,1,2
BRDA:7,1,0,2
BRDA:7,1,1,0
BRDA:7,2,0,2
BRDA:7,2,1,2
BRF:6
BRH:5
end_of_record
TN:
SF:src/formatters/index.js
FN:11,(anonymous_0)
FNF:1
FNH:1
FNDA:5,(anonymous_0)
DA:5,1
DA:11,5
LF:2
LH:2
BRF:0
BRH:0
end_of_record
TN:
SF:src/formatters/json.js
FN:1,(anonymous_0)
FNF:1
FNH:1
FNDA:1,(anonymous_0)
DA:1,1
LF:1
LH:1
BRF:0
BRH:0
end_of_record
TN:
SF:src/formatters/plain.js
FN:3,(anonymous_0)
FN:5,(anonymous_1)
FN:15,(anonymous_2)
FN:16,(anonymous_3)
FN:37,(anonymous_4)
FNF:5
FNH:5
FNDA:18,(anonymous_0)
FNDA:13,(anonymous_1)
FNDA:5,(anonymous_2)
FNDA:18,(anonymous_3)
FNDA:1,(anonymous_4)
DA:3,18
DA:5,1
DA:6,13
DA:7,3
DA:9,10
DA:10,7
DA:12,3
DA:15,1
DA:16,5
DA:17,18
DA:19,18
DA:21,4
DA:23,3
DA:25,2
DA:27,5
DA:29,4
DA:31,0
DA:34,5
DA:37,1
LF:19
LH:18
BRDA:3,0,0,0
BRDA:3,1,0,14
BRDA:3,1,1,4
BRDA:6,2,0,3
BRDA:6,2,1,10
BRDA:9,3,0,7
BRDA:9,3,1,3
BRDA:15,4,0,1
BRDA:19,5,0,4
BRDA:19,5,1,3
BRDA:19,5,2,2
BRDA:19,5,3,5
BRDA:19,5,4,4
BRDA:19,5,5,0
BRF:14
BRH:12
end_of_record
TN:
SF:src/formatters/stylish.js
FN:3,(anonymous_0)
FN:8,(anonymous_1)
FN:12,(anonymous_2)
FN:14,(anonymous_3)
FN:33,(anonymous_4)
FNF:5
FNH:5
FNDA:62,(anonymous_0)
FNDA:18,(anonymous_1)
FNDA:11,(anonymous_2)
FNDA:41,(anonymous_3)
FNDA:3,(anonymous_4)
DA:3,1
DA:4,62
DA:5,48
DA:7,14
DA:8,18
DA:9,14
DA:12,1
DA:13,11
DA:14,11
DA:15,41
DA:17,8
DA:19,8
DA:21,4
DA:23,10
DA:25,11
DA:27,0
DA:30,11
DA:33,3
LF:18
LH:17
BRDA:4,0,0,48
BRDA:4,0,1,14
BRDA:12,1,0,3
BRDA:15,2,0,8
BRDA:15,2,1,8
BRDA:15,2,2,4
BRDA:15,2,3,10
BRDA:15,2,4,11
BRDA:15,2,5,0
BRF:9
BRH:8
end_of_record
