TN:
SF:src/getDiff.js
FN:3,iter
FNF:1
FNH:1
FNDA:21,iter
DA:1,1
DA:2,1
DA:3,1
DA:4,21
DA:5,21
DA:6,21
DA:7,21
DA:8,21
DA:9,77
DA:10,16
DA:11,16
DA:12,77
DA:13,8
DA:14,8
DA:15,77
DA:16,20
DA:17,20
DA:18,77
DA:19,14
DA:20,14
DA:21,19
DA:22,19
DA:23,19
DA:24,21
DA:25,21
DA:26,21
DA:27,1
DA:28,1
LF:28
LH:28
BRDA:3,0,0,21
BRDA:8,1,0,77
BRDA:9,2,0,24
BRDA:9,3,0,16
BRDA:11,4,0,61
BRDA:12,5,0,8
BRDA:14,6,0,53
BRDA:15,7,0,20
BRDA:17,8,0,33
BRDA:18,9,0,14
BRDA:20,10,0,19
BRF:11
BRH:11
end_of_record
TN:
SF:src/index.js
FN:7,getDiff
FNF:1
FNH:1
FNDA:5,getDiff
DA:1,1
DA:2,1
DA:3,1
DA:4,1
DA:5,1
DA:6,1
DA:7,5
DA:8,5
DA:9,5
DA:10,5
DA:11,5
DA:12,5
DA:13,5
DA:14,5
DA:15,5
DA:16,5
DA:17,5
DA:18,5
DA:19,5
DA:20,5
DA:21,5
DA:22,5
DA:23,1
DA:24,1
LF:24
LH:24
BRDA:7,0,0,5
BRF:1
BRH:1
end_of_record
TN:
SF:src/parsers.js
FN:3,parse
FNF:1
FNH:1
FNDA:10,parse
DA:1,1
DA:2,1
DA:3,1
DA:4,10
DA:5,8
DA:6,8
DA:7,10
DA:8,2
DA:9,2
DA:10,0
DA:11,0
DA:12,0
DA:13,1
DA:14,1
LF:14
LH:11
BRDA:3,0,0,10
BRDA:4,1,0,8
BRDA:6,2,0,2
BRDA:7,3,0,2
BRDA:9,4,0,0
BRF:5
BRH:4
end_of_record
TN:
SF:src/formatters/index.js
FN:11,formatter
FNF:1
FNH:1
FNDA:5,formatter
DA:1,1
DA:2,1
DA:3,1
DA:4,1
DA:5,1
DA:6,1
DA:7,1
DA:8,1
DA:9,1
DA:10,1
DA:11,1
DA:12,1
DA:13,1
LF:13
LH:13
BRDA:11,0,0,5
BRF:1
BRH:1
end_of_record
TN:
SF:src/formatters/json.js
FN:1,formatJson
FNF:1
FNH:1
FNDA:1,formatJson
DA:1,1
DA:2,1
DA:3,1
LF:3
LH:3
BRDA:1,0,0,1
BRF:1
BRH:1
end_of_record
TN:
SF:src/formatters/plain.js
FN:3,getPaths
FN:5,valueUpdate
FN:15,format
FN:37,default
FNF:4
FNH:4
FNDA:18,getPaths
FNDA:13,valueUpdate
FNDA:5,format
FNDA:1,default
DA:1,1
DA:2,1
DA:3,1
DA:4,1
DA:5,1
DA:6,13
DA:7,3
DA:8,3
DA:9,13
DA:10,7
DA:11,7
DA:12,3
DA:13,3
DA:14,1
DA:15,1
DA:16,5
DA:17,18
DA:18,18
DA:19,18
DA:20,18
DA:21,4
DA:22,18
DA:23,3
DA:24,18
DA:25,2
DA:26,18
DA:27,5
DA:28,18
DA:29,4
DA:30,18
DA:31,0
DA:32,18
DA:33,5
DA:34,5
DA:35,5
DA:36,1
DA:37,1
LF:37
LH:36
BRDA:3,0,0,18
BRDA:3,1,0,14
BRDA:3,2,0,4
BRDA:5,3,0,13
BRDA:6,4,0,3
BRDA:8,5,0,10
BRDA:9,6,0,7
BRDA:11,7,0,3
BRDA:15,8,0,5
BRDA:16,9,0,18
BRDA:20,10,0,4
BRDA:22,11,0,3
BRDA:24,12,0,2
BRDA:26,13,0,5
BRDA:28,14,0,4
BRDA:30,15,0,0
BRDA:37,16,0,1
BRF:17
BRH:16
end_of_record
TN:
SF:src/formatters/stylish.js
FN:3,formatValue
FN:12,format
FN:33,default
FNF:3
FNH:3
FNDA:62,formatValue
FNDA:11,format
FNDA:3,default
DA:1,1
DA:2,1
DA:3,1
DA:4,62
DA:5,48
DA:6,48
DA:7,14
DA:8,14
DA:9,14
DA:10,14
DA:11,1
DA:12,1
DA:13,11
DA:14,11
DA:15,41
DA:16,41
DA:17,8
DA:18,41
DA:19,8
DA:20,41
DA:21,4
DA:22,41
DA:23,10
DA:24,41
DA:25,11
DA:26,41
DA:27,0
DA:28,41
DA:29,11
DA:30,11
DA:31,11
DA:32,1
DA:33,1
LF:33
LH:32
BRDA:3,0,0,62
BRDA:4,1,0,48
BRDA:6,2,0,14
BRDA:8,3,0,18
BRDA:12,4,0,11
BRDA:14,5,0,41
BRDA:16,6,0,8
BRDA:18,7,0,8
BRDA:20,8,0,4
BRDA:22,9,0,10
BRDA:24,10,0,11
BRDA:26,11,0,0
BRDA:33,12,0,3
BRF:13
BRH:12
end_of_record
